# JRE version: OpenJDK Runtime Environment Microsoft-12574423 (17.0.17+10) (build 17.0.17+10-LTS)
# Java VM: OpenJDK 64-Bit Server VM Microsoft-12574423 (17.0.17+10-LTS, mixed mode, sharing, tiered, compressed oops, compressed class ptrs, g1 gc, windows-amd64)
GC Precious Log:
 CPUs: 4 total, 4 available
 Memory: 4001M
 Large Page Support: Disabled
 NUMA Support: Disabled
 Compressed Oops: Enabled (32-bit)
 Heap Region Size: 1M
 Heap Min Capacity: 8M
 Heap Initial Capacity: 64M
 Heap Max Capacity: 1002M
 Pre-touch: Disabled
 Parallel Workers: 4
 Concurrent Workers: 1
 Concurrent Refinement Workers: 4
 Periodic GC: Disabled
Heap:
 garbage-first heap   total 91136K, used 53670K [0x00000000c1600000, 0x0000000100000000)
  region size 1024K, 1 young (1024K), 1 survivors (1024K)
 Metaspace       used 89343K, committed 89920K, reserved 1179648K
  class space    used 12524K, committed 12800K, reserved 1048576K
GC Heap History (20 events):
Event: 20.896 GC heap after
{Heap after GC invocations=19 (full 0):
 garbage-first heap   total 78848K, used 34482K [0x00000000c1600000, 0x0000000100000000)
  region size 1024K, 4 young (4096K), 4 survivors (4096K)
 Metaspace       used 76072K, committed 76608K, reserved 1179648K
  class space    used 10397K, committed 10624K, reserved 1048576K
}
Event: 22.330 GC heap before
{Heap before GC invocations=19 (full 0):
 garbage-first heap   total 78848K, used 62130K [0x00000000c1600000, 0x0000000100000000)
  region size 1024K, 31 young (31744K), 4 survivors (4096K)
 Metaspace       used 81026K, committed 81600K, reserved 1179648K
  class space    used 10980K, committed 11264K, reserved 1048576K
}
Event: 22.345 GC heap after
{Heap after GC invocations=20 (full 0):
 garbage-first heap   total 78848K, used 36757K [0x00000000c1600000, 0x0000000100000000)
  region size 1024K, 3 young (3072K), 3 survivors (3072K)
 Metaspace       used 81026K, committed 81600K, reserved 1179648K
  class space    used 10980K, committed 11264K, reserved 1048576K
}
Event: 23.392 GC heap before
{Heap before GC invocations=20 (full 0):
 garbage-first heap   total 78848K, used 61333K [0x00000000c1600000, 0x0000000100000000)
  region size 1024K, 28 young (28672K), 3 survivors (3072K)
 Metaspace       used 85075K, committed 85696K, reserved 1179648K
  class space    used 11677K, committed 11968K, reserved 1048576K
}
Event: 23.400 GC heap after
{Heap after GC invocations=21 (full 0):
 garbage-first heap   total 78848K, used 38605K [0x00000000c1600000, 0x0000000100000000)
  region size 1024K, 4 young (4096K), 4 survivors (4096K)
 Metaspace       used 85075K, committed 85696K, reserved 1179648K
  class space    used 11677K, committed 11968K, reserved 1048576K
}
Event: 24.090 GC heap before
{Heap before GC invocations=22 (full 0):
 garbage-first heap   total 78848K, used 62157K [0x00000000c1600000, 0x0000000100000000)
  region size 1024K, 27 young (27648K), 4 survivors (4096K)
 Metaspace       used 85345K, committed 85952K, reserved 1179648K
  class space    used 11741K, committed 12032K, reserved 1048576K
}
Event: 24.098 GC heap after
{Heap after GC invocations=23 (full 0):
 garbage-first heap   total 78848K, used 39595K [0x00000000c1600000, 0x0000000100000000)
  region size 1024K, 1 young (1024K), 1 survivors (1024K)
 Metaspace       used 85345K, committed 85952K, reserved 1179648K
  class space    used 11741K, committed 12032K, reserved 1048576K
}
Event: 24.917 GC heap before
{Heap before GC invocations=23 (full 0):
 garbage-first heap   total 78848K, used 62123K [0x00000000c1600000, 0x0000000100000000)
  region size 1024K, 24 young (24576K), 1 survivors (1024K)
 Metaspace       used 88520K, committed 89088K, reserved 1179648K
  class space    used 12476K, committed 12736K, reserved 1048576K
}
Event: 24.922 GC heap after
{Heap after GC invocations=24 (full 0):
 garbage-first heap   total 78848K, used 40871K [0x00000000c1600000, 0x0000000100000000)
  region size 1024K, 3 young (3072K), 3 survivors (3072K)
 Metaspace       used 88520K, committed 89088K, reserved 1179648K
  class space    used 12476K, committed 12736K, reserved 1048576K
}
Event: 25.872 GC heap before
{Heap before GC invocations=25 (full 0):
 garbage-first heap   total 78848K, used 63399K [0x00000000c1600000, 0x0000000100000000)
  region size 1024K, 25 young (25600K), 3 survivors (3072K)
 Metaspace       used 89310K, committed 89920K, reserved 1179648K
  class space    used 12524K, committed 12800K, reserved 1048576K
}
Event: 25.878 GC heap after
{Heap after GC invocations=26 (full 0):
 garbage-first heap   total 78848K, used 41944K [0x00000000c1600000, 0x0000000100000000)
  region size 1024K, 3 young (3072K), 3 survivors (3072K)
 Metaspace       used 89310K, committed 89920K, reserved 1179648K
  class space    used 12524K, committed 12800K, reserved 1048576K
}
Event: 25.938 GC heap before
{Heap before GC invocations=26 (full 0):
 garbage-first heap   total 78848K, used 42968K [0x00000000c1600000, 0x0000000100000000)
  region size 1024K, 4 young (4096K), 3 survivors (3072K)
 Metaspace       used 89310K, committed 89920K, reserved 1179648K
  class space    used 12524K, committed 12800K, reserved 1048576K
}
Event: 25.945 GC heap after
{Heap after GC invocations=27 (full 0):
 garbage-first heap   total 78848K, used 42088K [0x00000000c1600000, 0x0000000100000000)
  region size 1024K, 1 young (1024K), 1 survivors (1024K)
 Metaspace       used 89310K, committed 89920K, reserved 1179648K
  class space    used 12524K, committed 12800K, reserved 1048576K
}
Event: 26.379 GC heap before
{Heap before GC invocations=27 (full 0):
 garbage-first heap   total 78848K, used 64616K [0x00000000c1600000, 0x0000000100000000)
  region size 1024K, 23 young (23552K), 1 survivors (1024K)
 Metaspace       used 89312K, committed 89920K, reserved 1179648K
  class space    used 12524K, committed 12800K, reserved 1048576K
}
Event: 26.388 GC heap after
{Heap after GC invocations=28 (full 0):
 garbage-first heap   total 78848K, used 47732K [0x00000000c1600000, 0x0000000100000000)
  region size 1024K, 3 young (3072K), 3 survivors (3072K)
 Metaspace       used 89312K, committed 89920K, reserved 1179648K
  class space    used 12524K, committed 12800K, reserved 1048576K
}
Event: 26.649 GC heap before
{Heap before GC invocations=29 (full 0):
 garbage-first heap   total 91136K, used 64116K [0x00000000c1600000, 0x0000000100000000)
  region size 1024K, 19 young (19456K), 3 survivors (3072K)
 Metaspace       used 89312K, committed 89920K, reserved 1179648K
  class space    used 12524K, committed 12800K, reserved 1048576K
}
Event: 26.666 GC heap after
{Heap after GC invocations=30 (full 0):
 garbage-first heap   total 91136K, used 52897K [0x00000000c1600000, 0x0000000100000000)
  region size 1024K, 3 young (3072K), 3 survivors (3072K)
 Metaspace       used 89312K, committed 89920K, reserved 1179648K
  class space    used 12524K, committed 12800K, reserved 1048576K
}
Event: 26.672 GC heap before
{Heap before GC invocations=30 (full 0):
 garbage-first heap   total 91136K, used 53921K [0x00000000c1600000, 0x0000000100000000)
  region size 1024K, 4 young (4096K), 3 survivors (3072K)
 Metaspace       used 89312K, committed 89920K, reserved 1179648K
  class space    used 12524K, committed 12800K, reserved 1048576K
}
Event: 26.680 GC heap after
{Heap after GC invocations=31 (full 0):
 garbage-first heap   total 91136K, used 53017K [0x00000000c1600000, 0x0000000100000000)
  region size 1024K, 1 young (1024K), 1 survivors (1024K)
 Metaspace       used 89312K, committed 89920K, reserved 1179648K
  class space    used 12524K, committed 12800K, reserved 1048576K
}
Event: 26.816 GC heap before
{Heap before GC invocations=31 (full 0):
 garbage-first heap   total 91136K, used 70425K [0x00000000c1600000, 0x0000000100000000)
  region size 1024K, 18 young (18432K), 1 survivors (1024K)
 Metaspace       used 89343K, committed 89920K, reserved 1179648K
  class space    used 12524K, committed 12800K, reserved 1048576K
}

