# JRE version: OpenJDK Runtime Environment Microsoft-12574423 (17.0.17+10) (build 17.0.17+10-LTS)
# Java VM: OpenJDK 64-Bit Server VM Microsoft-12574423 (17.0.17+10-LTS, mixed mode, sharing, tiered, compressed oops, compressed class ptrs, g1 gc, windows-amd64)
GC Precious Log:
 CPUs: 4 total, 4 available
 Memory: 4001M
 Large Page Support: Disabled
 NUMA Support: Disabled
 Compressed Oops: Enabled (32-bit)
 Heap Region Size: 1M
 Heap Min Capacity: 8M
 Heap Initial Capacity: 64M
 Heap Max Capacity: 1002M
 Pre-touch: Disabled
 Parallel Workers: 4
 Concurrent Workers: 1
 Concurrent Refinement Workers: 4
 Periodic GC: Disabled
Heap:
 garbage-first heap   total 89088K, used 66248K [0x00000000c1600000, 0x0000000100000000)
  region size 1024K, 31 young (31744K), 3 survivors (3072K)
 Metaspace       used 89308K, committed 89920K, reserved 1179648K
  class space    used 12364K, committed 12672K, reserved 1048576K
GC Heap History (20 events):
Event: 12.853 GC heap before
{Heap before GC invocations=10 (full 0):
 garbage-first heap   total 55296K, used 36138K [0x00000000c1600000, 0x0000000100000000)
  region size 1024K, 20 young (20480K), 2 survivors (2048K)
 Metaspace       used 35693K, committed 36096K, reserved 1114112K
  class space    used 4574K, committed 4800K, reserved 1048576K
}
Event: 12.863 GC heap after
{Heap after GC invocations=11 (full 0):
 garbage-first heap   total 55296K, used 21067K [0x00000000c1600000, 0x0000000100000000)
  region size 1024K, 2 young (2048K), 2 survivors (2048K)
 Metaspace       used 35693K, committed 36096K, reserved 1114112K
  class space    used 4574K, committed 4800K, reserved 1048576K
}
Event: 13.799 GC heap before
{Heap before GC invocations=12 (full 0):
 garbage-first heap   total 55296K, used 41547K [0x00000000c1600000, 0x0000000100000000)
  region size 1024K, 22 young (22528K), 2 survivors (2048K)
 Metaspace       used 38646K, committed 39168K, reserved 1114112K
  class space    used 5002K, committed 5248K, reserved 1048576K
}
Event: 13.810 GC heap after
{Heap after GC invocations=13 (full 0):
 garbage-first heap   total 55296K, used 22732K [0x00000000c1600000, 0x0000000100000000)
  region size 1024K, 3 young (3072K), 3 survivors (3072K)
 Metaspace       used 38646K, committed 39168K, reserved 1114112K
  class space    used 5002K, committed 5248K, reserved 1048576K
}
Event: 14.677 GC heap before
{Heap before GC invocations=13 (full 0):
 garbage-first heap   total 55296K, used 42188K [0x00000000c1600000, 0x0000000100000000)
  region size 1024K, 22 young (22528K), 3 survivors (3072K)
 Metaspace       used 42040K, committed 42496K, reserved 1114112K
  class space    used 5445K, committed 5632K, reserved 1048576K
}
Event: 14.692 GC heap after
{Heap after GC invocations=14 (full 0):
 garbage-first heap   total 55296K, used 24616K [0x00000000c1600000, 0x0000000100000000)
  region size 1024K, 2 young (2048K), 2 survivors (2048K)
 Metaspace       used 42040K, committed 42496K, reserved 1114112K
  class space    used 5445K, committed 5632K, reserved 1048576K
}
Event: 15.683 GC heap before
{Heap before GC invocations=14 (full 0):
 garbage-first heap   total 55296K, used 41000K [0x00000000c1600000, 0x0000000100000000)
  region size 1024K, 19 young (19456K), 2 survivors (2048K)
 Metaspace       used 45524K, committed 46080K, reserved 1114112K
  class space    used 5884K, committed 6144K, reserved 1048576K
}
Event: 15.696 GC heap after
{Heap after GC invocations=15 (full 0):
 garbage-first heap   total 89088K, used 26036K [0x00000000c1600000, 0x0000000100000000)
  region size 1024K, 2 young (2048K), 2 survivors (2048K)
 Metaspace       used 45524K, committed 46080K, reserved 1114112K
  class space    used 5884K, committed 6144K, reserved 1048576K
}
Event: 19.206 GC heap before
{Heap before GC invocations=15 (full 0):
 garbage-first heap   total 89088K, used 69044K [0x00000000c1600000, 0x0000000100000000)
  region size 1024K, 44 young (45056K), 2 survivors (2048K)
 Metaspace       used 58886K, committed 59392K, reserved 1114112K
  class space    used 7875K, committed 8128K, reserved 1048576K
}
Event: 19.226 GC heap after
{Heap after GC invocations=16 (full 0):
 garbage-first heap   total 89088K, used 29690K [0x00000000c1600000, 0x0000000100000000)
  region size 1024K, 5 young (5120K), 5 survivors (5120K)
 Metaspace       used 58886K, committed 59392K, reserved 1114112K
  class space    used 7875K, committed 8128K, reserved 1048576K
}
Event: 19.676 GC heap before
{Heap before GC invocations=16 (full 0):
 garbage-first heap   total 89088K, used 33786K [0x00000000c1600000, 0x0000000100000000)
  region size 1024K, 10 young (10240K), 5 survivors (5120K)
 Metaspace       used 59953K, committed 60416K, reserved 1114112K
  class space    used 8000K, committed 8256K, reserved 1048576K
}
Event: 19.692 GC heap after
{Heap after GC invocations=17 (full 0):
 garbage-first heap   total 89088K, used 30259K [0x00000000c1600000, 0x0000000100000000)
  region size 1024K, 1 young (1024K), 1 survivors (1024K)
 Metaspace       used 59953K, committed 60416K, reserved 1114112K
  class space    used 8000K, committed 8256K, reserved 1048576K
}
Event: 21.750 GC heap before
{Heap before GC invocations=18 (full 0):
 garbage-first heap   total 89088K, used 68147K [0x00000000c1600000, 0x0000000100000000)
  region size 1024K, 39 young (39936K), 1 survivors (1024K)
 Metaspace       used 67638K, committed 68160K, reserved 1114112K
  class space    used 8977K, committed 9216K, reserved 1048576K
}
Event: 21.760 GC heap after
{Heap after GC invocations=19 (full 0):
 garbage-first heap   total 89088K, used 31867K [0x00000000c1600000, 0x0000000100000000)
  region size 1024K, 3 young (3072K), 3 survivors (3072K)
 Metaspace       used 67638K, committed 68160K, reserved 1114112K
  class space    used 8977K, committed 9216K, reserved 1048576K
}
Event: 23.992 GC heap before
{Heap before GC invocations=19 (full 0):
 garbage-first heap   total 89088K, used 70779K [0x00000000c1600000, 0x0000000100000000)
  region size 1024K, 41 young (41984K), 3 survivors (3072K)
 Metaspace       used 75456K, committed 76032K, reserved 1179648K
  class space    used 10245K, committed 10496K, reserved 1048576K
}
Event: 24.005 GC heap after
{Heap after GC invocations=20 (full 0):
 garbage-first heap   total 89088K, used 33148K [0x00000000c1600000, 0x0000000100000000)
  region size 1024K, 4 young (4096K), 4 survivors (4096K)
 Metaspace       used 75456K, committed 76032K, reserved 1179648K
  class space    used 10245K, committed 10496K, reserved 1048576K
}
Event: 26.498 GC heap before
{Heap before GC invocations=20 (full 0):
 garbage-first heap   total 89088K, used 72060K [0x00000000c1600000, 0x0000000100000000)
  region size 1024K, 42 young (43008K), 4 survivors (4096K)
 Metaspace       used 81440K, committed 82048K, reserved 1179648K
  class space    used 11057K, committed 11392K, reserved 1048576K
}
Event: 26.512 GC heap after
{Heap after GC invocations=21 (full 0):
 garbage-first heap   total 89088K, used 36879K [0x00000000c1600000, 0x0000000100000000)
  region size 1024K, 5 young (5120K), 5 survivors (5120K)
 Metaspace       used 81440K, committed 82048K, reserved 1179648K
  class space    used 11057K, committed 11392K, reserved 1048576K
}
Event: 32.021 GC heap before
{Heap before GC invocations=21 (full 0):
 garbage-first heap   total 89088K, used 70671K [0x00000000c1600000, 0x0000000100000000)
  region size 1024K, 39 young (39936K), 5 survivors (5120K)
 Metaspace       used 87387K, committed 88000K, reserved 1179648K
  class space    used 11945K, committed 12224K, reserved 1048576K
}
Event: 32.039 GC heap after
{Heap after GC invocations=22 (full 0):
 garbage-first heap   total 89088K, used 39624K [0x00000000c1600000, 0x0000000100000000)
  region size 1024K, 3 young (3072K), 3 survivors (3072K)
 Metaspace       used 87387K, committed 88000K, reserved 1179648K
  class space    used 11945K, committed 12224K, reserved 1048576K
}

